<?xml version="1.0" encoding="UTF-8"?>
<testng-results skipped="0" failed="0" total="1" passed="1">
  <reporter-output>
  </reporter-output>
  <suite name="Default suite" duration-ms="12263" started-at="2016-11-05T08:28:46Z" finished-at="2016-11-05T08:28:58Z">
    <groups>
    </groups>
    <test name="Default test" duration-ms="12263" started-at="2016-11-05T08:28:46Z" finished-at="2016-11-05T08:28:58Z">
      <class name="testcases.TC_001">
        <test-method status="PASS" signature="bmethod()[pri:0, instance:testcases.TC_001@22a71081]" name="bmethod" is-config="true" duration-ms="9149" started-at="2016-11-05T13:58:46Z" finished-at="2016-11-05T13:58:55Z">
          <reporter-output>
          </reporter-output>
        </test-method> <!-- bmethod -->
        <test-method status="PASS" signature="tcase1()[pri:0, instance:testcases.TC_001@22a71081]" name="tcase1" duration-ms="1554" started-at="2016-11-05T13:58:55Z" finished-at="2016-11-05T13:58:57Z">
          <reporter-output>
          </reporter-output>
        </test-method> <!-- tcase1 -->
        <test-method status="PASS" signature="amethod()[pri:0, instance:testcases.TC_001@22a71081]" name="amethod" is-config="true" duration-ms="1485" started-at="2016-11-05T13:58:57Z" finished-at="2016-11-05T13:58:58Z">
          <reporter-output>
          </reporter-output>
        </test-method> <!-- amethod -->
      </class> <!-- testcases.TC_001 -->
    </test> <!-- Default test -->
  </suite> <!-- Default suite -->
</testng-results>
